<?xml version="1.0" encoding="UTF-8"?>
<!-- Generated by org.testng.reporters.JUnitReportReporter -->
<testsuite skipped="0" hostname="DESKTOP-30GL0O0" name="com.qa.jun2022.Tests.LoginPgTests" tests="1" failures="0" timestamp="16 Jun 2022 16:41:47 GMT" time="0.020" errors="0">
  <testcase name="verifyTitleOfLoginPg" time="0.020" classname="com.qa.jun2022.Tests.LoginPgTests"/>
</testsuite> <!-- com.qa.jun2022.Tests.LoginPgTests -->
