<?xml version="1.0" encoding="UTF-8"?>
<!-- Generated by org.testng.reporters.JUnitReportReporter -->
<testsuite skipped="0" hostname="DESKTOP-30GL0O0" name="com.qa.jun2022.Tests.RegisterPageTest" tests="3" failures="0" timestamp="20 Jun 2022 10:53:27 GMT" time="9.668" errors="0">
  <testcase name="verifyRegsitration" time="4.881" classname="com.qa.jun2022.Tests.RegisterPageTest"/>
  <testcase name="verify_title_of_RegisterPg" time="0.025" classname="com.qa.jun2022.Tests.RegisterPageTest"/>
  <testcase name="verifyRegsitration" time="4.762" classname="com.qa.jun2022.Tests.RegisterPageTest"/>
</testsuite> <!-- com.qa.jun2022.Tests.RegisterPageTest -->
