<?xml version="1.0" encoding="UTF-8"?>
<!-- Generated by org.testng.reporters.JUnitReportReporter -->
<testsuite skipped="0" hostname="DESKTOP-30GL0O0" name="com.qa.jun2022.Tests.AccountPageTests" tests="1" failures="0" timestamp="17 Jun 2022 08:22:54 GMT" time="0.032" errors="0">
  <testcase name="verifyTitleOfAcctPg" time="0.032" classname="com.qa.jun2022.Tests.AccountPageTests"/>
</testsuite> <!-- com.qa.jun2022.Tests.AccountPageTests -->
